<testsuites id="" name="" tests="170" failures="100" skipped="0" errors="0" time="496.550546">
<testsuite name="comprehensive-demo.spec.ts" timestamp="2025-09-15T12:32:03.497Z" hostname="chromium" tests="1" failures="0" skipped="0" time="6.228" errors="0">
<testcase name="Comprehensive Demo Tests › should verify tailwind-rs-core integration is working" classname="comprehensive-demo.spec.ts" time="6.228">
<system-out>
<![CDATA[✅ Comprehensive demo test passed - All functionality working correctly
✅ TailwindClasses API simulation working
✅ Theme switching working
✅ Color switching working
✅ Responsive design working
✅ Component interactions working
]]>
</system-out>
</testcase>
</testsuite>
<testsuite name="interaction-tests.spec.ts" timestamp="2025-09-15T12:32:03.497Z" hostname="chromium" tests="6" failures="6" skipped="0" time="182.576" errors="0">
<testcase name="Interaction Tests @interaction › should switch themes dynamically" classname="interaction-tests.spec.ts" time="30.269">
<failure message="interaction-tests.spec.ts:10:7 should switch themes dynamically" type="FAILURE">
<![CDATA[  [chromium] › interaction-tests.spec.ts:10:7 › Interaction Tests @interaction › should switch themes dynamically 

    Test timeout of 30000ms exceeded.

    Error: locator.click: Test timeout of 30000ms exceeded.
    Call log:
      - waiting for locator('button').filter({ hasText: 'light' })
        - locator resolved to <button id="" class="inline-flex items-center justify-center whitespace-nowrap rounded-md text-sm font-medium ring-offset-background transition-colors focus-visible:outline-none focus-visible:ring-2 focus-visible:ring-ring focus-visible:ring-offset-2 disabled:pointer-events-none disabled:opacity-50 bg-secondary text-secondary-foreground hover:bg-secondary/80 h-10 px-4 py-2 w-full">Light Theme</button>
      - attempting click action
        - waiting for element to be visible, enabled and stable
        - element is visible, enabled and stable
        - scrolling into view if needed
        - done scrolling
        - <div>…</div> from <div>…</div> subtree intercepts pointer events
      - retrying click action
        - waiting for element to be visible, enabled and stable
        - element is visible, enabled and stable
        - scrolling into view if needed
        - done scrolling
        - <div>…</div> intercepts pointer events
      - retrying click action
        - waiting 20ms
        - waiting for element to be visible, enabled and stable
        - element is visible, enabled and stable
        - scrolling into view if needed
        - done scrolling
        - <div>…</div> from <div>…</div> subtree intercepts pointer events
      2 × retrying click action
          - waiting 100ms
          - waiting for element to be visible, enabled and stable
          - element is visible, enabled and stable
          - scrolling into view if needed
          - done scrolling
          - <div>…</div> intercepts pointer events
      12 × retrying click action
           - waiting 500ms
           - waiting for element to be visible, enabled and stable
           - element is visible, enabled and stable
           - scrolling into view if needed
           - done scrolling
           - <div>…</div> intercepts pointer events
         - retrying click action
           - waiting 500ms
           - waiting for element to be visible, enabled and stable
           - element is visible, enabled and stable
           - scrolling into view if needed
           - done scrolling
           - <div>…</div> from <div>…</div> subtree intercepts pointer events
         - retrying click action
           - waiting 500ms
           - waiting for element to be visible, enabled and stable
           - element is visible, enabled and stable
           - scrolling into view if needed
           - done scrolling
           - <div>…</div> intercepts pointer events
         - retrying click action
           - waiting 500ms
           - waiting for element to be visible, enabled and stable
           - element is visible, enabled and stable
           - scrolling into view if needed
           - done scrolling
           - <div>…</div> intercepts pointer events
      - retrying click action
        - waiting 500ms
        - waiting for element to be visible, enabled and stable
        - element is visible, enabled and stable
        - scrolling into view if needed
        - done scrolling
        - <div>…</div> intercepts pointer events
      - retrying click action
        - waiting 500ms
        - waiting for element to be visible, enabled and stable


      18 |     // Click on light theme button
      19 |     const lightThemeButton = page.locator('button').filter({ hasText: 'light' });
    > 20 |     await lightThemeButton.click();
         |                            ^
      21 |     await page.waitForTimeout(500); // Wait for theme change
      22 |     
      23 |     // Check that the background has changed
        at /Users/peterhanssens/consulting/Leptos/leptos-shadcn-ui/examples/leptos/tests/interaction-tests.spec.ts:20:28

    attachment #1: screenshot (image/png) ──────────────────────────────────────────────────────────
    ../test-results/interaction-tests-Interact-209f7-d-switch-themes-dynamically-chromium/test-failed-1.png
    ────────────────────────────────────────────────────────────────────────────────────────────────

    attachment #2: video (video/webm) ──────────────────────────────────────────────────────────────
    ../test-results/interaction-tests-Interact-209f7-d-switch-themes-dynamically-chromium/video.webm
    ────────────────────────────────────────────────────────────────────────────────────────────────

    Error Context: ../test-results/interaction-tests-Interact-209f7-d-switch-themes-dynamically-chromium/error-context.md
]]>
</failure>
<system-out>
<![CDATA[
[[ATTACHMENT|test-results/interaction-tests-Interact-209f7-d-switch-themes-dynamically-chromium/test-failed-1.png]]

[[ATTACHMENT|test-results/interaction-tests-Interact-209f7-d-switch-themes-dynamically-chromium/video.webm]]

[[ATTACHMENT|test-results/interaction-tests-Interact-209f7-d-switch-themes-dynamically-chromium/error-context.md]]
]]>
</system-out>
</testcase>
<testcase name="Interaction Tests @interaction › should switch color schemes dynamically" classname="interaction-tests.spec.ts" time="30.259">
<failure message="interaction-tests.spec.ts:46:7 should switch color schemes dynamically" type="FAILURE">
<![CDATA[  [chromium] › interaction-tests.spec.ts:46:7 › Interaction Tests @interaction › should switch color schemes dynamically 

    Test timeout of 30000ms exceeded.

    Error: locator.click: Test timeout of 30000ms exceeded.
    Call log:
      - waiting for locator('button').filter({ hasText: 'green' })
        - locator resolved to <button id="" class="inline-flex items-center justify-center whitespace-nowrap rounded-md text-sm font-medium ring-offset-background transition-colors focus-visible:outline-none focus-visible:ring-2 focus-visible:ring-ring focus-visible:ring-offset-2 disabled:pointer-events-none disabled:opacity-50 bg-primary text-primary-foreground hover:bg-primary/90 h-10 px-4 py-2 w-full bg-green-600 hover:bg-green-700">Green Scheme</button>
      - attempting click action
        - waiting for element to be visible, enabled and stable
        - element is visible, enabled and stable
        - scrolling into view if needed
        - done scrolling
        - <div>…</div> from <div>…</div> subtree intercepts pointer events
      - retrying click action
        - waiting for element to be visible, enabled and stable
        - element is visible, enabled and stable
        - scrolling into view if needed
        - done scrolling
        - <div>…</div> intercepts pointer events
      - retrying click action
        - waiting 20ms
        - waiting for element to be visible, enabled and stable
        - element is visible, enabled and stable
        - scrolling into view if needed
        - done scrolling
        - <div>…</div> from <div>…</div> subtree intercepts pointer events
      2 × retrying click action
          - waiting 100ms
          - waiting for element to be visible, enabled and stable
          - element is visible, enabled and stable
          - scrolling into view if needed
          - done scrolling
          - <div>…</div> intercepts pointer events
      12 × retrying click action
           - waiting 500ms
           - waiting for element to be visible, enabled and stable
           - element is visible, enabled and stable
           - scrolling into view if needed
           - done scrolling
           - <div>…</div> intercepts pointer events
         - retrying click action
           - waiting 500ms
           - waiting for element to be visible, enabled and stable
           - element is visible, enabled and stable
           - scrolling into view if needed
           - done scrolling
           - <div>…</div> from <div>…</div> subtree intercepts pointer events
         - retrying click action
           - waiting 500ms
           - waiting for element to be visible, enabled and stable
           - element is visible, enabled and stable
           - scrolling into view if needed
           - done scrolling
           - <div>…</div> intercepts pointer events
         - retrying click action
           - waiting 500ms
           - waiting for element to be visible, enabled and stable
           - element is visible, enabled and stable
           - scrolling into view if needed
           - done scrolling
           - <div>…</div> intercepts pointer events
      - retrying click action
        - waiting 500ms


      57 |     // Click on green color button
      58 |     const greenButton = page.locator('button').filter({ hasText: 'green' });
    > 59 |     await greenButton.click();
         |                       ^
      60 |     await page.waitForTimeout(500);
      61 |     
      62 |     // Check that colors have changed
        at /Users/peterhanssens/consulting/Leptos/leptos-shadcn-ui/examples/leptos/tests/interaction-tests.spec.ts:59:23

    attachment #1: screenshot (image/png) ──────────────────────────────────────────────────────────
    ../test-results/interaction-tests-Interact-e77ff-h-color-schemes-dynamically-chromium/test-failed-1.png
    ────────────────────────────────────────────────────────────────────────────────────────────────

    attachment #2: video (video/webm) ──────────────────────────────────────────────────────────────
    ../test-results/interaction-tests-Interact-e77ff-h-color-schemes-dynamically-chromium/video.webm
    ────────────────────────────────────────────────────────────────────────────────────────────────

    Error Context: ../test-results/interaction-tests-Interact-e77ff-h-color-schemes-dynamically-chromium/error-context.md
]]>
</failure>
<system-out>
<![CDATA[
[[ATTACHMENT|test-results/interaction-tests-Interact-e77ff-h-color-schemes-dynamically-chromium/test-failed-1.png]]

[[ATTACHMENT|test-results/interaction-tests-Interact-e77ff-h-color-schemes-dynamically-chromium/video.webm]]

[[ATTACHMENT|test-results/interaction-tests-Interact-e77ff-h-color-schemes-dynamically-chromium/error-context.md]]
]]>
</system-out>
</testcase>
<testcase name="Interaction Tests @interaction › should update text gradients when color changes" classname="interaction-tests.spec.ts" time="30.234">
<failure message="interaction-tests.spec.ts:90:7 should update text gradients when color changes" type="FAILURE">
<![CDATA[  [chromium] › interaction-tests.spec.ts:90:7 › Interaction Tests @interaction › should update text gradients when color changes 

    Test timeout of 30000ms exceeded.

    Error: locator.click: Test timeout of 30000ms exceeded.
    Call log:
      - waiting for locator('button').filter({ hasText: 'blue' })
        - locator resolved to <button id="" class="inline-flex items-center justify-center whitespace-nowrap rounded-md text-sm font-medium ring-offset-background transition-colors focus-visible:outline-none focus-visible:ring-2 focus-visible:ring-ring focus-visible:ring-offset-2 disabled:pointer-events-none disabled:opacity-50 bg-primary text-primary-foreground hover:bg-primary/90 h-10 px-4 py-2 w-full bg-blue-600 hover:bg-blue-700">Blue Scheme</button>
      - attempting click action
        - waiting for element to be visible, enabled and stable
        - element is visible, enabled and stable
        - scrolling into view if needed
        - done scrolling
        - <div>…</div> from <div>…</div> subtree intercepts pointer events
      - retrying click action
        - waiting for element to be visible, enabled and stable
        - element is visible, enabled and stable
        - scrolling into view if needed
        - done scrolling
        - <div>…</div> intercepts pointer events
      - retrying click action
        - waiting 20ms
        - waiting for element to be visible, enabled and stable
        - element is visible, enabled and stable
        - scrolling into view if needed
        - done scrolling
        - <div>…</div> from <div>…</div> subtree intercepts pointer events
      2 × retrying click action
          - waiting 100ms
          - waiting for element to be visible, enabled and stable
          - element is visible, enabled and stable
          - scrolling into view if needed
          - done scrolling
          - <div>…</div> intercepts pointer events
      12 × retrying click action
           - waiting 500ms
           - waiting for element to be visible, enabled and stable
           - element is visible, enabled and stable
           - scrolling into view if needed
           - done scrolling
           - <div>…</div> intercepts pointer events
         - retrying click action
           - waiting 500ms
           - waiting for element to be visible, enabled and stable
           - element is visible, enabled and stable
           - scrolling into view if needed
           - done scrolling
           - <div>…</div> from <div>…</div> subtree intercepts pointer events
         - retrying click action
           - waiting 500ms
           - waiting for element to be visible, enabled and stable
           - element is visible, enabled and stable
           - scrolling into view if needed
           - done scrolling
           - <div>…</div> intercepts pointer events
         - retrying click action
           - waiting 500ms
           - waiting for element to be visible, enabled and stable
           - element is visible, enabled and stable
           - scrolling into view if needed
           - done scrolling
           - <div>…</div> intercepts pointer events
      - retrying click action
        - waiting 500ms
        - waiting for element to be visible, enabled and stable
        - element is visible, enabled and stable
        - scrolling into view if needed
        - done scrolling
        - <div>…</div> intercepts pointer events
      - retrying click action
        - waiting 500ms


       98 |     // Click on blue color button
       99 |     const blueButton = page.locator('button').filter({ hasText: 'blue' });
    > 100 |     await blueButton.click();
          |                      ^
      101 |     await page.waitForTimeout(500);
      102 |     
      103 |     // Check that text gradient has changed
        at /Users/peterhanssens/consulting/Leptos/leptos-shadcn-ui/examples/leptos/tests/interaction-tests.spec.ts:100:22

    attachment #1: screenshot (image/png) ──────────────────────────────────────────────────────────
    ../test-results/interaction-tests-Interact-0b324-radients-when-color-changes-chromium/test-failed-1.png
    ────────────────────────────────────────────────────────────────────────────────────────────────

    attachment #2: video (video/webm) ──────────────────────────────────────────────────────────────
    ../test-results/interaction-tests-Interact-0b324-radients-when-color-changes-chromium/video.webm
    ────────────────────────────────────────────────────────────────────────────────────────────────

    Error Context: ../test-results/interaction-tests-Interact-0b324-radients-when-color-changes-chromium/error-context.md
]]>
</failure>
<system-out>
<![CDATA[
[[ATTACHMENT|test-results/interaction-tests-Interact-0b324-radients-when-color-changes-chromium/test-failed-1.png]]

[[ATTACHMENT|test-results/interaction-tests-Interact-0b324-radients-when-color-changes-chromium/video.webm]]

[[ATTACHMENT|test-results/interaction-tests-Interact-0b324-radients-when-color-changes-chromium/error-context.md]]
]]>
</system-out>
</testcase>
<testcase name="Interaction Tests @interaction › should update animated overlays when color changes" classname="interaction-tests.spec.ts" time="30.274">
<failure message="interaction-tests.spec.ts:113:7 should update animated overlays when color changes" type="FAILURE">
<![CDATA[  [chromium] › interaction-tests.spec.ts:113:7 › Interaction Tests @interaction › should update animated overlays when color changes 

    Test timeout of 30000ms exceeded.

    Error: locator.click: Test timeout of 30000ms exceeded.
    Call log:
      - waiting for locator('button').filter({ hasText: 'green' })
        - locator resolved to <button id="" class="inline-flex items-center justify-center whitespace-nowrap rounded-md text-sm font-medium ring-offset-background transition-colors focus-visible:outline-none focus-visible:ring-2 focus-visible:ring-ring focus-visible:ring-offset-2 disabled:pointer-events-none disabled:opacity-50 bg-primary text-primary-foreground hover:bg-primary/90 h-10 px-4 py-2 w-full bg-green-600 hover:bg-green-700">Green Scheme</button>
      - attempting click action
        - waiting for element to be visible, enabled and stable
        - element is visible, enabled and stable
        - scrolling into view if needed
        - done scrolling
        - <div>…</div> from <div>…</div> subtree intercepts pointer events
      - retrying click action
        - waiting for element to be visible, enabled and stable
        - element is visible, enabled and stable
        - scrolling into view if needed
        - done scrolling
        - <div>…</div> intercepts pointer events
      - retrying click action
        - waiting 20ms
        - waiting for element to be visible, enabled and stable
        - element is visible, enabled and stable
        - scrolling into view if needed
        - done scrolling
        - <div>…</div> from <div>…</div> subtree intercepts pointer events
      2 × retrying click action
          - waiting 100ms
          - waiting for element to be visible, enabled and stable
          - element is visible, enabled and stable
          - scrolling into view if needed
          - done scrolling
          - <div>…</div> intercepts pointer events
      12 × retrying click action
           - waiting 500ms
           - waiting for element to be visible, enabled and stable
           - element is visible, enabled and stable
           - scrolling into view if needed
           - done scrolling
           - <div>…</div> intercepts pointer events
         - retrying click action
           - waiting 500ms
           - waiting for element to be visible, enabled and stable
           - element is visible, enabled and stable
           - scrolling into view if needed
           - done scrolling
           - <div>…</div> from <div>…</div> subtree intercepts pointer events
         - retrying click action
           - waiting 500ms
           - waiting for element to be visible, enabled and stable
           - element is visible, enabled and stable
           - scrolling into view if needed
           - done scrolling
           - <div>…</div> intercepts pointer events
         - retrying click action
           - waiting 500ms
           - waiting for element to be visible, enabled and stable
           - element is visible, enabled and stable
           - scrolling into view if needed
           - done scrolling
           - <div>…</div> intercepts pointer events
      - retrying click action
        - waiting 500ms
        - waiting for element to be visible, enabled and stable
        - element is visible, enabled and stable
        - scrolling into view if needed
        - done scrolling
        - <div>…</div> intercepts pointer events
      - retrying click action
        - waiting 500ms


      121 |     // Click on green color button
      122 |     const greenButton = page.locator('button').filter({ hasText: 'green' });
    > 123 |     await greenButton.click();
          |                       ^
      124 |     await page.waitForTimeout(500);
      125 |     
      126 |     // Check that overlay gradient has changed
        at /Users/peterhanssens/consulting/Leptos/leptos-shadcn-ui/examples/leptos/tests/interaction-tests.spec.ts:123:23

    attachment #1: screenshot (image/png) ──────────────────────────────────────────────────────────
    ../test-results/interaction-tests-Interact-2266f-overlays-when-color-changes-chromium/test-failed-1.png
    ────────────────────────────────────────────────────────────────────────────────────────────────

    attachment #2: video (video/webm) ──────────────────────────────────────────────────────────────
    ../test-results/interaction-tests-Interact-2266f-overlays-when-color-changes-chromium/video.webm
    ────────────────────────────────────────────────────────────────────────────────────────────────

    Error Context: ../test-results/interaction-tests-Interact-2266f-overlays-when-color-changes-chromium/error-context.md
]]>
</failure>
<system-out>
<![CDATA[
[[ATTACHMENT|test-results/interaction-tests-Interact-2266f-overlays-when-color-changes-chromium/test-failed-1.png]]

[[ATTACHMENT|test-results/interaction-tests-Interact-2266f-overlays-when-color-changes-chromium/video.webm]]

[[ATTACHMENT|test-results/interaction-tests-Interact-2266f-overlays-when-color-changes-chromium/error-context.md]]
]]>
</system-out>
</testcase>
<testcase name="Interaction Tests @interaction › should update component card styling when theme changes" classname="interaction-tests.spec.ts" time="31.252">
<failure message="interaction-tests.spec.ts:136:7 should update component card styling when theme changes" type="FAILURE">
<![CDATA[  [chromium] › interaction-tests.spec.ts:136:7 › Interaction Tests @interaction › should update component card styling when theme changes 

    Test timeout of 30000ms exceeded.

    Error: locator.click: Test timeout of 30000ms exceeded.
    Call log:
      - waiting for locator('button').filter({ hasText: 'dark' })
        - locator resolved to <button id="" class="inline-flex items-center justify-center whitespace-nowrap rounded-md text-sm font-medium ring-offset-background transition-colors focus-visible:outline-none focus-visible:ring-2 focus-visible:ring-ring focus-visible:ring-offset-2 disabled:pointer-events-none disabled:opacity-50 border border-input bg-background hover:bg-accent hover:text-accent-foreground h-10 px-4 py-2 w-full">Dark Theme</button>
      - attempting click action
        - waiting for element to be visible, enabled and stable
        - element is visible, enabled and stable
        - scrolling into view if needed
        - done scrolling
        - <div>…</div> from <div>…</div> subtree intercepts pointer events
      - retrying click action
        - waiting for element to be visible, enabled and stable
        - element is visible, enabled and stable
        - scrolling into view if needed
        - done scrolling
        - <div>…</div> intercepts pointer events
      - retrying click action
        - waiting 20ms
        - waiting for element to be visible, enabled and stable
        - element is visible, enabled and stable
        - scrolling into view if needed
        - done scrolling
        - <div>…</div> from <div>…</div> subtree intercepts pointer events
      2 × retrying click action
          - waiting 100ms
          - waiting for element to be visible, enabled and stable
          - element is visible, enabled and stable
          - scrolling into view if needed
          - done scrolling
          - <div>…</div> intercepts pointer events
      12 × retrying click action
           - waiting 500ms
           - waiting for element to be visible, enabled and stable
           - element is visible, enabled and stable
           - scrolling into view if needed
           - done scrolling
           - <div>…</div> intercepts pointer events
         - retrying click action
           - waiting 500ms
           - waiting for element to be visible, enabled and stable
           - element is visible, enabled and stable
           - scrolling into view if needed
           - done scrolling
           - <div>…</div> from <div>…</div> subtree intercepts pointer events
         - retrying click action
           - waiting 500ms
           - waiting for element to be visible, enabled and stable
           - element is visible, enabled and stable
           - scrolling into view if needed
           - done scrolling
           - <div>…</div> intercepts pointer events
         - retrying click action
           - waiting 500ms
           - waiting for element to be visible, enabled and stable
           - element is visible, enabled and stable
           - scrolling into view if needed
           - done scrolling
           - <div>…</div> intercepts pointer events
      - retrying click action
        - waiting 500ms
        - waiting for element to be visible, enabled and stable
        - element is visible, enabled and stable
        - scrolling into view if needed
        - done scrolling
        - <div>…</div> intercepts pointer events
      - retrying click action
        - waiting 500ms
        - waiting for element to be visible, enabled and stable
        - element is visible, enabled and stable
        - scrolling into view if needed
        - done scrolling
        - <div>…</div> from <div>…</div> subtree intercepts pointer events
      - retrying click action
        - waiting 500ms
        - waiting for element to be visible, enabled and stable
        - element is visible, enabled and stable
        - scrolling into view if needed
        - done scrolling
        - <div>…</div> intercepts pointer events
      - retrying click action
        - waiting 500ms


      147 |     // Click on dark theme
      148 |     const darkThemeButton = page.locator('button').filter({ hasText: 'dark' });
    > 149 |     await darkThemeButton.click();
          |                           ^
      150 |     await page.waitForTimeout(500);
      151 |     
      152 |     // Check that card styling has changed
        at /Users/peterhanssens/consulting/Leptos/leptos-shadcn-ui/examples/leptos/tests/interaction-tests.spec.ts:149:27

    attachment #1: screenshot (image/png) ──────────────────────────────────────────────────────────
    ../test-results/interaction-tests-Interact-db15e--styling-when-theme-changes-chromium/test-failed-1.png
    ────────────────────────────────────────────────────────────────────────────────────────────────

    attachment #2: video (video/webm) ──────────────────────────────────────────────────────────────
    ../test-results/interaction-tests-Interact-db15e--styling-when-theme-changes-chromium/video.webm
    ────────────────────────────────────────────────────────────────────────────────────────────────

    Error Context: ../test-results/interaction-tests-Interact-db15e--styling-when-theme-changes-chromium/error-context.md
]]>
</failure>
<system-out>
<![CDATA[
[[ATTACHMENT|test-results/interaction-tests-Interact-db15e--styling-when-theme-changes-chromium/test-failed-1.png]]

[[ATTACHMENT|test-results/interaction-tests-Interact-db15e--styling-when-theme-changes-chromium/video.webm]]

[[ATTACHMENT|test-results/interaction-tests-Interact-db15e--styling-when-theme-changes-chromium/error-context.md]]
]]>
</system-out>
</testcase>
<testcase name="Interaction Tests @interaction › should maintain responsive behavior during theme changes" classname="interaction-tests.spec.ts" time="30.288">
<failure message="interaction-tests.spec.ts:164:7 should maintain responsive behavior during theme changes" type="FAILURE">
<![CDATA[  [chromium] › interaction-tests.spec.ts:164:7 › Interaction Tests @interaction › should maintain responsive behavior during theme changes 

    Test timeout of 30000ms exceeded.

    Error: locator.click: Test timeout of 30000ms exceeded.
    Call log:
      - waiting for locator('button').filter({ hasText: 'light' })
        - locator resolved to <button id="" class="inline-flex items-center justify-center whitespace-nowrap rounded-md text-sm font-medium ring-offset-background transition-colors focus-visible:outline-none focus-visible:ring-2 focus-visible:ring-ring focus-visible:ring-offset-2 disabled:pointer-events-none disabled:opacity-50 bg-secondary text-secondary-foreground hover:bg-secondary/80 h-10 px-4 py-2 w-full">Light Theme</button>
      - attempting click action
        2 × waiting for element to be visible, enabled and stable
          - element is visible, enabled and stable
          - scrolling into view if needed
          - done scrolling
          - <div>…</div> intercepts pointer events
        - retrying click action
        - waiting 20ms
        - waiting for element to be visible, enabled and stable
        - element is visible, enabled and stable
        - scrolling into view if needed
        - done scrolling
        - <div>error from build pipeline↵↵Caused by:↵⇆0: HTML bu…</div> from <div>…</div> subtree intercepts pointer events
      2 × retrying click action
          - waiting 100ms
          - waiting for element to be visible, enabled and stable
          - element is visible, enabled and stable
          - scrolling into view if needed
          - done scrolling
          - <div>…</div> intercepts pointer events
      11 × retrying click action
           - waiting 500ms
           - waiting for element to be visible, enabled and stable
           - element is visible, enabled and stable
           - scrolling into view if needed
           - done scrolling
           - <div>…</div> intercepts pointer events
         - retrying click action
           - waiting 500ms
           - waiting for element to be visible, enabled and stable
           - element is visible, enabled and stable
           - scrolling into view if needed
           - done scrolling
           - <div>error from build pipeline↵↵Caused by:↵⇆0: HTML bu…</div> from <div>…</div> subtree intercepts pointer events
         - retrying click action
           - waiting 500ms
           - waiting for element to be visible, enabled and stable
           - element is visible, enabled and stable
           - scrolling into view if needed
           - done scrolling
           - <div>…</div> intercepts pointer events
         - retrying click action
           - waiting 500ms
           - waiting for element to be visible, enabled and stable
           - element is visible, enabled and stable
           - scrolling into view if needed
           - done scrolling
           - <div>…</div> intercepts pointer events
      - retrying click action
        - waiting 500ms
        - waiting for element to be visible, enabled and stable
        - element is visible, enabled and stable
        - scrolling into view if needed
        - done scrolling
        - <div>…</div> intercepts pointer events
      - retrying click action
        - waiting 500ms
        - waiting for element to be visible, enabled and stable
        - element is visible, enabled and stable
        - scrolling into view if needed
        - done scrolling
        - <div>error from build pipeline↵↵Caused by:↵⇆0: HTML bu…</div> from <div>…</div> subtree intercepts pointer events
      - retrying click action
        - waiting 500ms


      178 |     // Change theme
      179 |     const lightThemeButton = page.locator('button').filter({ hasText: 'light' });
    > 180 |     await lightThemeButton.click();
          |                            ^
      181 |     await page.waitForTimeout(500);
      182 |     
      183 |     // Check that responsive behavior is maintained
        at /Users/peterhanssens/consulting/Leptos/leptos-shadcn-ui/examples/leptos/tests/interaction-tests.spec.ts:180:28

    attachment #1: screenshot (image/png) ──────────────────────────────────────────────────────────
    ../test-results/interaction-tests-Interact-3bad4-havior-during-theme-changes-chromium/test-failed-1.png
    ────────────────────────────────────────────────────────────────────────────────────────────────

    attachment #2: video (video/webm) ──────────────────────────────────────────────────────────────
    ../test-results/interaction-tests-Interact-3bad4-havior-during-theme-changes-chromium/video.webm
    ────────────────────────────────────────────────────────────────────────────────────────────────

    Error Context: ../test-results/interaction-tests-Interact-3bad4-havior-during-theme-changes-chromium/error-context.md
]]>
</failure>
<system-out>
<![CDATA[
[[ATTACHMENT|test-results/interaction-tests-Interact-3bad4-havior-during-theme-changes-chromium/test-failed-1.png]]

[[ATTACHMENT|test-results/interaction-tests-Interact-3bad4-havior-during-theme-changes-chromium/video.webm]]

[[ATTACHMENT|test-results/interaction-tests-Interact-3bad4-havior-during-theme-changes-chromium/error-context.md]]
]]>
</system-out>
</testcase>
</testsuite>
<testsuite name="mock-server.spec.ts" timestamp="2025-09-15T12:32:03.497Z" hostname="chromium" tests="1" failures="0" skipped="0" time="3.665" errors="0">
<testcase name="Mock Server Tests › should verify test setup is working" classname="mock-server.spec.ts" time="3.665">
<system-out>
<![CDATA[✅ Mock server test passed - Playwright setup is working correctly
]]>
</system-out>
</testcase>
</testsuite>
<testsuite name="performance-tests.spec.ts" timestamp="2025-09-15T12:32:03.497Z" hostname="chromium" tests="9" failures="4" skipped="0" time="136.075" errors="0">
<testcase name="Performance Tests @performance › should load the page quickly" classname="performance-tests.spec.ts" time="3.529">
<system-out>
<![CDATA[Page load time: 1747ms
]]>
</system-out>
</testcase>
<testcase name="Performance Tests @performance › should have good Core Web Vitals" classname="performance-tests.spec.ts" time="6.246">
</testcase>
<testcase name="Performance Tests @performance › should handle theme changes efficiently" classname="performance-tests.spec.ts" time="30.407">
<failure message="performance-tests.spec.ts:76:7 should handle theme changes efficiently" type="FAILURE">
<![CDATA[  [chromium] › performance-tests.spec.ts:76:7 › Performance Tests @performance › should handle theme changes efficiently 

    Test timeout of 30000ms exceeded.

    Error: locator.click: Test timeout of 30000ms exceeded.
    Call log:
      - waiting for locator('button').filter({ hasText: 'default' })
        - locator resolved to <button id="" class="inline-flex items-center justify-center whitespace-nowrap rounded-md text-sm font-medium ring-offset-background transition-colors focus-visible:outline-none focus-visible:ring-2 focus-visible:ring-ring focus-visible:ring-offset-2 disabled:pointer-events-none disabled:opacity-50 bg-primary text-primary-foreground hover:bg-primary/90 h-10 px-4 py-2 w-full">Default Theme</button>
      - attempting click action
        - waiting for element to be visible, enabled and stable
        - element is visible, enabled and stable
        - scrolling into view if needed
        - done scrolling
        - <div>…</div> from <div>…</div> subtree intercepts pointer events
      - retrying click action
        - waiting for element to be visible, enabled and stable
        - element is visible, enabled and stable
        - scrolling into view if needed
        - done scrolling
        - <div>…</div> intercepts pointer events
      - retrying click action
        - waiting 20ms
        - waiting for element to be visible, enabled and stable
        - element is visible, enabled and stable
        - scrolling into view if needed
        - done scrolling
        - <div>…</div> from <div>…</div> subtree intercepts pointer events
      2 × retrying click action
          - waiting 100ms
          - waiting for element to be visible, enabled and stable
          - element is visible, enabled and stable
          - scrolling into view if needed
          - done scrolling
          - <div>…</div> intercepts pointer events
      12 × retrying click action
           - waiting 500ms
           - waiting for element to be visible, enabled and stable
           - element is visible, enabled and stable
           - scrolling into view if needed
           - done scrolling
           - <div>…</div> intercepts pointer events
         - retrying click action
           - waiting 500ms
           - waiting for element to be visible, enabled and stable
           - element is visible, enabled and stable
           - scrolling into view if needed
           - done scrolling
           - <div>…</div> from <div>…</div> subtree intercepts pointer events
         - retrying click action
           - waiting 500ms
           - waiting for element to be visible, enabled and stable
           - element is visible, enabled and stable
           - scrolling into view if needed
           - done scrolling
           - <div>…</div> intercepts pointer events
         - retrying click action
           - waiting 500ms
           - waiting for element to be visible, enabled and stable
           - element is visible, enabled and stable
           - scrolling into view if needed
           - done scrolling
           - <div>…</div> intercepts pointer events
      - retrying click action
        - waiting 500ms
        - waiting for element to be visible, enabled and stable
        - element is visible, enabled and stable
        - scrolling into view if needed
        - done scrolling
        - <div>…</div> intercepts pointer events
      - retrying click action
        - waiting 500ms
        - waiting for element to be visible, enabled and stable
        - element is visible, enabled and stable
        - scrolling into view if needed
        - done scrolling
        - <div>…</div> from <div>…</div> subtree intercepts pointer events
      - retrying click action
        - waiting 500ms
        - waiting for element to be visible, enabled and stable
        - element is visible, enabled and stable
        - scrolling into view if needed
        - done scrolling
        - <div>…</div> intercepts pointer events
      - retrying click action
        - waiting 500ms


      86 |     for (const button of themeButtons) {
      87 |       const startTime = performance.now();
    > 88 |       await button.click();
         |                    ^
      89 |       await page.waitForTimeout(100); // Wait for theme to apply
      90 |       const endTime = performance.now();
      91 |       
        at /Users/peterhanssens/consulting/Leptos/leptos-shadcn-ui/examples/leptos/tests/performance-tests.spec.ts:88:20

    attachment #1: screenshot (image/png) ──────────────────────────────────────────────────────────
    ../test-results/performance-tests-Performa-66ca2-e-theme-changes-efficiently-chromium/test-failed-1.png
    ────────────────────────────────────────────────────────────────────────────────────────────────

    attachment #2: video (video/webm) ──────────────────────────────────────────────────────────────
    ../test-results/performance-tests-Performa-66ca2-e-theme-changes-efficiently-chromium/video.webm
    ────────────────────────────────────────────────────────────────────────────────────────────────

    Error Context: ../test-results/performance-tests-Performa-66ca2-e-theme-changes-efficiently-chromium/error-context.md
]]>
</failure>
<system-out>
<![CDATA[
[[ATTACHMENT|test-results/performance-tests-Performa-66ca2-e-theme-changes-efficiently-chromium/test-failed-1.png]]

[[ATTACHMENT|test-results/performance-tests-Performa-66ca2-e-theme-changes-efficiently-chromium/video.webm]]

[[ATTACHMENT|test-results/performance-tests-Performa-66ca2-e-theme-changes-efficiently-chromium/error-context.md]]
]]>
</system-out>
</testcase>
<testcase name="Performance Tests @performance › should handle color changes efficiently" classname="performance-tests.spec.ts" time="30.474">
<failure message="performance-tests.spec.ts:107:7 should handle color changes efficiently" type="FAILURE">
<![CDATA[  [chromium] › performance-tests.spec.ts:107:7 › Performance Tests @performance › should handle color changes efficiently 

    Test timeout of 30000ms exceeded.

    Error: locator.click: Test timeout of 30000ms exceeded.
    Call log:
      - waiting for locator('button').filter({ hasText: 'blue' })
        - locator resolved to <button id="" class="inline-flex items-center justify-center whitespace-nowrap rounded-md text-sm font-medium ring-offset-background transition-colors focus-visible:outline-none focus-visible:ring-2 focus-visible:ring-ring focus-visible:ring-offset-2 disabled:pointer-events-none disabled:opacity-50 bg-primary text-primary-foreground hover:bg-primary/90 h-10 px-4 py-2 w-full bg-blue-600 hover:bg-blue-700">Blue Scheme</button>
      - attempting click action
        - waiting for element to be visible, enabled and stable
        - element is visible, enabled and stable
        - scrolling into view if needed
        - done scrolling
        - <div>…</div> from <div>…</div> subtree intercepts pointer events
      - retrying click action
        - waiting for element to be visible, enabled and stable
        - element is visible, enabled and stable
        - scrolling into view if needed
        - done scrolling
        - <div>…</div> intercepts pointer events
      - retrying click action
        - waiting 20ms
        - waiting for element to be visible, enabled and stable
        - element is visible, enabled and stable
        - scrolling into view if needed
        - done scrolling
        - <div>…</div> from <div>…</div> subtree intercepts pointer events
      2 × retrying click action
          - waiting 100ms
          - waiting for element to be visible, enabled and stable
          - element is visible, enabled and stable
          - scrolling into view if needed
          - done scrolling
          - <div>…</div> intercepts pointer events
      12 × retrying click action
           - waiting 500ms
           - waiting for element to be visible, enabled and stable
           - element is visible, enabled and stable
           - scrolling into view if needed
           - done scrolling
           - <div>…</div> intercepts pointer events
         - retrying click action
           - waiting 500ms
           - waiting for element to be visible, enabled and stable
           - element is visible, enabled and stable
           - scrolling into view if needed
           - done scrolling
           - <div>…</div> from <div>…</div> subtree intercepts pointer events
         - retrying click action
           - waiting 500ms
           - waiting for element to be visible, enabled and stable
           - element is visible, enabled and stable
           - scrolling into view if needed
           - done scrolling
           - <div>…</div> intercepts pointer events
         - retrying click action
           - waiting 500ms
           - waiting for element to be visible, enabled and stable
           - element is visible, enabled and stable
           - scrolling into view if needed
           - done scrolling
           - <div>…</div> intercepts pointer events
      - retrying click action
        - waiting 500ms
        - waiting for element to be visible, enabled and stable
        - element is visible, enabled and stable
        - scrolling into view if needed
        - done scrolling
        - <div>…</div> intercepts pointer events
      - retrying click action
        - waiting 500ms
        - waiting for element to be visible, enabled and stable
        - element is visible, enabled and stable
        - scrolling into view if needed
        - done scrolling
        - <div>…</div> from <div>…</div> subtree intercepts pointer events
      - retrying click action
        - waiting 500ms


      117 |     for (const button of colorButtons) {
      118 |       const startTime = performance.now();
    > 119 |       await button.click();
          |                    ^
      120 |       await page.waitForTimeout(100); // Wait for color to apply
      121 |       const endTime = performance.now();
      122 |       
        at /Users/peterhanssens/consulting/Leptos/leptos-shadcn-ui/examples/leptos/tests/performance-tests.spec.ts:119:20

    attachment #1: screenshot (image/png) ──────────────────────────────────────────────────────────
    ../test-results/performance-tests-Performa-93cb6-e-color-changes-efficiently-chromium/test-failed-1.png
    ────────────────────────────────────────────────────────────────────────────────────────────────

    attachment #2: video (video/webm) ──────────────────────────────────────────────────────────────
    ../test-results/performance-tests-Performa-93cb6-e-color-changes-efficiently-chromium/video.webm
    ────────────────────────────────────────────────────────────────────────────────────────────────

    Error Context: ../test-results/performance-tests-Performa-93cb6-e-color-changes-efficiently-chromium/error-context.md
]]>
</failure>
<system-out>
<![CDATA[
[[ATTACHMENT|test-results/performance-tests-Performa-93cb6-e-color-changes-efficiently-chromium/test-failed-1.png]]

[[ATTACHMENT|test-results/performance-tests-Performa-93cb6-e-color-changes-efficiently-chromium/video.webm]]

[[ATTACHMENT|test-results/performance-tests-Performa-93cb6-e-color-changes-efficiently-chromium/error-context.md]]
]]>
</system-out>
</testcase>
<testcase name="Performance Tests @performance › should handle responsive changes efficiently" classname="performance-tests.spec.ts" time="1.784">
<system-out>
<![CDATA[desktop viewport change: 210.22ms
tablet viewport change: 207.53ms
mobile viewport change: 208.88ms
]]>
</system-out>
</testcase>
<testcase name="Performance Tests @performance › should have efficient WASM loading" classname="performance-tests.spec.ts" time="1.224">
<system-out>
<![CDATA[WASM load time: 52ms
]]>
</system-out>
</testcase>
<testcase name="Performance Tests @performance › should handle multiple rapid interactions efficiently" classname="performance-tests.spec.ts" time="30.532">
<failure message="performance-tests.spec.ts:189:7 should handle multiple rapid interactions efficiently" type="FAILURE">
<![CDATA[  [chromium] › performance-tests.spec.ts:189:7 › Performance Tests @performance › should handle multiple rapid interactions efficiently 

    Test timeout of 30000ms exceeded.

    Error: locator.click: Test timeout of 30000ms exceeded.
    Call log:
      - waiting for locator('button').filter({ hasText: 'default' })
        - locator resolved to <button id="" class="inline-flex items-center justify-center whitespace-nowrap rounded-md text-sm font-medium ring-offset-background transition-colors focus-visible:outline-none focus-visible:ring-2 focus-visible:ring-ring focus-visible:ring-offset-2 disabled:pointer-events-none disabled:opacity-50 bg-primary text-primary-foreground hover:bg-primary/90 h-10 px-4 py-2 w-full">Default Theme</button>
      - attempting click action
        - waiting for element to be visible, enabled and stable
        - element is visible, enabled and stable
        - scrolling into view if needed
        - done scrolling
        - <div>…</div> from <div>…</div> subtree intercepts pointer events
      - retrying click action
        - waiting for element to be visible, enabled and stable
        - element is visible, enabled and stable
        - scrolling into view if needed
        - done scrolling
        - <div>…</div> intercepts pointer events
      - retrying click action
        - waiting 20ms
        - waiting for element to be visible, enabled and stable
        - element is visible, enabled and stable
        - scrolling into view if needed
        - done scrolling
        - <div>…</div> from <div>…</div> subtree intercepts pointer events
      2 × retrying click action
          - waiting 100ms
          - waiting for element to be visible, enabled and stable
          - element is visible, enabled and stable
          - scrolling into view if needed
          - done scrolling
          - <div>…</div> intercepts pointer events
      13 × retrying click action
           - waiting 500ms
           - waiting for element to be visible, enabled and stable
           - element is visible, enabled and stable
           - scrolling into view if needed
           - done scrolling
           - <div>…</div> intercepts pointer events
         - retrying click action
           - waiting 500ms
           - waiting for element to be visible, enabled and stable
           - element is visible, enabled and stable
           - scrolling into view if needed
           - done scrolling
           - <div>…</div> from <div>…</div> subtree intercepts pointer events
         - retrying click action
           - waiting 500ms
           - waiting for element to be visible, enabled and stable
           - element is visible, enabled and stable
           - scrolling into view if needed
           - done scrolling
           - <div>…</div> intercepts pointer events
         - retrying click action
           - waiting 500ms
           - waiting for element to be visible, enabled and stable
           - element is visible, enabled and stable
           - scrolling into view if needed
           - done scrolling
           - <div>…</div> intercepts pointer events
      - retrying click action
        - waiting 500ms
        - waiting for element to be visible, enabled and stable
        - element is visible, enabled and stable
        - scrolling into view if needed
        - done scrolling
        - <div>…</div> intercepts pointer events
      - retrying click action
        - waiting 500ms


      208 |       const colorButton = colorButtons[i % colorButtons.length];
      209 |       
    > 210 |       await themeButton.click();
          |                         ^
      211 |       await colorButton.click();
      212 |       await page.waitForTimeout(50); // Small delay between interactions
      213 |     }
        at /Users/peterhanssens/consulting/Leptos/leptos-shadcn-ui/examples/leptos/tests/performance-tests.spec.ts:210:25

    attachment #1: screenshot (image/png) ──────────────────────────────────────────────────────────
    ../test-results/performance-tests-Performa-d45f9-id-interactions-efficiently-chromium/test-failed-1.png
    ────────────────────────────────────────────────────────────────────────────────────────────────

    attachment #2: video (video/webm) ──────────────────────────────────────────────────────────────
    ../test-results/performance-tests-Performa-d45f9-id-interactions-efficiently-chromium/video.webm
    ────────────────────────────────────────────────────────────────────────────────────────────────

    Error Context: ../test-results/performance-tests-Performa-d45f9-id-interactions-efficiently-chromium/error-context.md
]]>
</failure>
<system-out>
<![CDATA[
[[ATTACHMENT|test-results/performance-tests-Performa-d45f9-id-interactions-efficiently-chromium/test-failed-1.png]]

[[ATTACHMENT|test-results/performance-tests-Performa-d45f9-id-interactions-efficiently-chromium/video.webm]]

[[ATTACHMENT|test-results/performance-tests-Performa-d45f9-id-interactions-efficiently-chromium/error-context.md]]
]]>
</system-out>
</testcase>
<testcase name="Performance Tests @performance › should maintain performance during long sessions" classname="performance-tests.spec.ts" time="30.334">
<failure message="performance-tests.spec.ts:224:7 should maintain performance during long sessions" type="FAILURE">
<![CDATA[  [chromium] › performance-tests.spec.ts:224:7 › Performance Tests @performance › should maintain performance during long sessions 

    Test timeout of 30000ms exceeded.

    Error: locator.click: Test timeout of 30000ms exceeded.
    Call log:
      - waiting for locator('button').filter({ hasText: 'default' })
        - locator resolved to <button id="" class="inline-flex items-center justify-center whitespace-nowrap rounded-md text-sm font-medium ring-offset-background transition-colors focus-visible:outline-none focus-visible:ring-2 focus-visible:ring-ring focus-visible:ring-offset-2 disabled:pointer-events-none disabled:opacity-50 bg-primary text-primary-foreground hover:bg-primary/90 h-10 px-4 py-2 w-full">Default Theme</button>
      - attempting click action
        - waiting for element to be visible, enabled and stable
        - element is visible, enabled and stable
        - scrolling into view if needed
        - done scrolling
        - <div>…</div> from <div>…</div> subtree intercepts pointer events
      - retrying click action
        - waiting for element to be visible, enabled and stable
        - element is visible, enabled and stable
        - scrolling into view if needed
        - done scrolling
        - <div>…</div> intercepts pointer events
      - retrying click action
        - waiting 20ms
        - waiting for element to be visible, enabled and stable
        - element is visible, enabled and stable
        - scrolling into view if needed
        - done scrolling
        - <div>…</div> from <div>…</div> subtree intercepts pointer events
      2 × retrying click action
          - waiting 100ms
          - waiting for element to be visible, enabled and stable
          - element is visible, enabled and stable
          - scrolling into view if needed
          - done scrolling
          - <div>…</div> intercepts pointer events
      13 × retrying click action
           - waiting 500ms
           - waiting for element to be visible, enabled and stable
           - element is visible, enabled and stable
           - scrolling into view if needed
           - done scrolling
           - <div>…</div> intercepts pointer events
         - retrying click action
           - waiting 500ms
           - waiting for element to be visible, enabled and stable
           - element is visible, enabled and stable
           - scrolling into view if needed
           - done scrolling
           - <div>…</div> from <div>…</div> subtree intercepts pointer events
         - retrying click action
           - waiting 500ms
           - waiting for element to be visible, enabled and stable
           - element is visible, enabled and stable
           - scrolling into view if needed
           - done scrolling
           - <div>…</div> intercepts pointer events
         - retrying click action
           - waiting 500ms
           - waiting for element to be visible, enabled and stable
           - element is visible, enabled and stable
           - scrolling into view if needed
           - done scrolling
           - <div>…</div> intercepts pointer events
      - retrying click action
        - waiting 500ms
        - waiting for element to be visible, enabled and stable
        - element is visible, enabled and stable
        - scrolling into view if needed
        - done scrolling
        - <div>…</div> intercepts pointer events
      - retrying click action
        - waiting 500ms


      231 |       const colorButton = page.locator('button').filter({ hasText: 'blue' });
      232 |       
    > 233 |       await themeButton.click();
          |                         ^
      234 |       await colorButton.click();
      235 |       await page.waitForTimeout(100);
      236 |       
        at /Users/peterhanssens/consulting/Leptos/leptos-shadcn-ui/examples/leptos/tests/performance-tests.spec.ts:233:25

    attachment #1: screenshot (image/png) ──────────────────────────────────────────────────────────
    ../test-results/performance-tests-Performa-5ab3a-rmance-during-long-sessions-chromium/test-failed-1.png
    ────────────────────────────────────────────────────────────────────────────────────────────────

    attachment #2: video (video/webm) ──────────────────────────────────────────────────────────────
    ../test-results/performance-tests-Performa-5ab3a-rmance-during-long-sessions-chromium/video.webm
    ────────────────────────────────────────────────────────────────────────────────────────────────

    Error Context: ../test-results/performance-tests-Performa-5ab3a-rmance-during-long-sessions-chromium/error-context.md
]]>
</failure>
<system-out>
<![CDATA[
[[ATTACHMENT|test-results/performance-tests-Performa-5ab3a-rmance-during-long-sessions-chromium/test-failed-1.png]]

[[ATTACHMENT|test-results/performance-tests-Performa-5ab3a-rmance-during-long-sessions-chromium/video.webm]]

[[ATTACHMENT|test-results/performance-tests-Performa-5ab3a-rmance-during-long-sessions-chromium/error-context.md]]
]]>
</system-out>
</testcase>
<testcase name="Performance Tests @performance › should have efficient memory usage" classname="performance-tests.spec.ts" time="1.545">
<system-out>
<![CDATA[Memory usage: 9.54MB
Memory usage percentage: 0.27%
]]>
</system-out>
</testcase>
</testsuite>
<testsuite name="server-startup.spec.ts" timestamp="2025-09-15T12:32:03.497Z" hostname="chromium" tests="3" failures="1" skipped="0" time="3.467" errors="0">
<testcase name="Server Startup Tests › should be able to start trunk serve without errors" classname="server-startup.spec.ts" time="0.998">
<system-out>
<![CDATA[✅ Server is running and accessible
]]>
</system-out>
</testcase>
<testcase name="Server Startup Tests › should serve the main page with correct content" classname="server-startup.spec.ts" time="1.148">
<failure message="server-startup.spec.ts:25:7 should serve the main page with correct content" type="FAILURE">
<![CDATA[  [chromium] › server-startup.spec.ts:25:7 › Server Startup Tests › should serve the main page with correct content 

    Error: expect.toBeVisible: Error: strict mode violation: locator('h2') resolved to 5 elements:
        1) <h2 class="text-3xl md:text-5xl font-bold mb-8 text-gray-800 dark:text-gray-200">Component Showcase</h2> aka getByRole('heading', { name: 'Component Showcase', exact: true })
        2) <h2 class="text-4xl md:text-5xl font-black mb-4 bg-gradient-to-r from-indigo-600 to-purple-600 text-transparent bg-clip-text">🎛️ Dynamic Theme Controls</h2> aka getByRole('heading', { name: '🎛️ Dynamic Theme Controls' })
        3) <h2 class="text-4xl md:text-6xl font-black mb-6 bg-gradient-to-r from-emerald-600 via-blue-600 to-purple-600 text-transparent bg-clip-text">🧩 Component Showcase</h2> aka getByRole('heading', { name: '🧩 Component Showcase' })
        4) <h2 class="text-3xl font-bold mb-8 text-center">🎮 Interactive Component Demo</h2> aka getByRole('heading', { name: '🎮 Interactive Component Demo' })
        5) <h2 class="text-3xl font-bold mb-8 text-center">⚡ Performance Metrics</h2> aka getByRole('heading', { name: '⚡ Performance Metrics' })

    Call log:
      - Expect "toBeVisible" with timeout 5000ms
      - waiting for locator('h2')


      36 |     // Check for the subtitle
      37 |     const subtitle = page.locator('h2');
    > 38 |     await expect(subtitle).toBeVisible();
         |                            ^
      39 |     
      40 |     console.log('✅ Main page content is served correctly');
      41 |   });
        at /Users/peterhanssens/consulting/Leptos/leptos-shadcn-ui/examples/leptos/tests/server-startup.spec.ts:38:28

    attachment #1: screenshot (image/png) ──────────────────────────────────────────────────────────
    ../test-results/server-startup-Server-Star-d4f9f-n-page-with-correct-content-chromium/test-failed-1.png
    ────────────────────────────────────────────────────────────────────────────────────────────────

    attachment #2: video (video/webm) ──────────────────────────────────────────────────────────────
    ../test-results/server-startup-Server-Star-d4f9f-n-page-with-correct-content-chromium/video.webm
    ────────────────────────────────────────────────────────────────────────────────────────────────

    Error Context: ../test-results/server-startup-Server-Star-d4f9f-n-page-with-correct-content-chromium/error-context.md
]]>
</failure>
<system-out>
<![CDATA[
[[ATTACHMENT|test-results/server-startup-Server-Star-d4f9f-n-page-with-correct-content-chromium/test-failed-1.png]]

[[ATTACHMENT|test-results/server-startup-Server-Star-d4f9f-n-page-with-correct-content-chromium/video.webm]]

[[ATTACHMENT|test-results/server-startup-Server-Star-d4f9f-n-page-with-correct-content-chromium/error-context.md]]
]]>
</system-out>
</testcase>
<testcase name="Server Startup Tests › should have working theme controls" classname="server-startup.spec.ts" time="1.321">
<system-out>
<![CDATA[✅ Theme controls are present and functional
]]>
</system-out>
</testcase>
</testsuite>
<testsuite name="tailwind-rs-core.spec.ts" timestamp="2025-09-15T12:32:03.497Z" hostname="chromium" tests="8" failures="7" skipped="0" time="125.967" errors="0">
<testcase name="Tailwind-RS-Core Integration Tests @tailwind-rs-core › should generate dynamic classes using TailwindClasses API" classname="tailwind-rs-core.spec.ts" time="0.861">
<failure message="tailwind-rs-core.spec.ts:10:7 should generate dynamic classes using TailwindClasses API" type="FAILURE">
<![CDATA[  [chromium] › tailwind-rs-core.spec.ts:10:7 › Tailwind-RS-Core Integration Tests @tailwind-rs-core › should generate dynamic classes using TailwindClasses API 

    Error: expect(received).toContain(expected) // indexOf

    Expected substring: "min-h-screen"
    Received string:    ""

      14 |     
      15 |     // Should have responsive classes
    > 16 |     expect(bodyClasses).toContain('min-h-screen');
         |                         ^
      17 |     expect(bodyClasses).toContain('transition-all');
      18 |     expect(bodyClasses).toContain('duration-700');
      19 |     
        at /Users/peterhanssens/consulting/Leptos/leptos-shadcn-ui/examples/leptos/tests/tailwind-rs-core.spec.ts:16:25

    attachment #1: screenshot (image/png) ──────────────────────────────────────────────────────────
    ../test-results/tailwind-rs-core-Tailwind--cfe54-s-using-TailwindClasses-API-chromium/test-failed-1.png
    ────────────────────────────────────────────────────────────────────────────────────────────────

    attachment #2: video (video/webm) ──────────────────────────────────────────────────────────────
    ../test-results/tailwind-rs-core-Tailwind--cfe54-s-using-TailwindClasses-API-chromium/video.webm
    ────────────────────────────────────────────────────────────────────────────────────────────────

    Error Context: ../test-results/tailwind-rs-core-Tailwind--cfe54-s-using-TailwindClasses-API-chromium/error-context.md
]]>
</failure>
<system-out>
<![CDATA[
[[ATTACHMENT|test-results/tailwind-rs-core-Tailwind--cfe54-s-using-TailwindClasses-API-chromium/test-failed-1.png]]

[[ATTACHMENT|test-results/tailwind-rs-core-Tailwind--cfe54-s-using-TailwindClasses-API-chromium/video.webm]]

[[ATTACHMENT|test-results/tailwind-rs-core-Tailwind--cfe54-s-using-TailwindClasses-API-chromium/error-context.md]]
]]>
</system-out>
</testcase>
<testcase name="Tailwind-RS-Core Integration Tests @tailwind-rs-core › should apply responsive classes correctly" classname="tailwind-rs-core.spec.ts" time="1.82">
<failure message="tailwind-rs-core.spec.ts:34:7 should apply responsive classes correctly" type="FAILURE">
<![CDATA[  [chromium] › tailwind-rs-core.spec.ts:34:7 › Tailwind-RS-Core Integration Tests @tailwind-rs-core › should apply responsive classes correctly 

    Error: expect(received).toBeGreaterThanOrEqual(expected)

    Expected: >= 90
    Received:    0

      48 |     
      49 |     // Should have lg padding (py-24 = 6rem = 96px)
    > 50 |     expect(parseInt(desktopStyles.paddingTop)).toBeGreaterThanOrEqual(90);
         |                                                ^
      51 |     
      52 |     // Test tablet view
      53 |     await page.setViewportSize({ width: 768, height: 1024 });
        at /Users/peterhanssens/consulting/Leptos/leptos-shadcn-ui/examples/leptos/tests/tailwind-rs-core.spec.ts:50:48

    attachment #1: screenshot (image/png) ──────────────────────────────────────────────────────────
    ../test-results/tailwind-rs-core-Tailwind--f3e85-esponsive-classes-correctly-chromium/test-failed-1.png
    ────────────────────────────────────────────────────────────────────────────────────────────────

    attachment #2: video (video/webm) ──────────────────────────────────────────────────────────────
    ../test-results/tailwind-rs-core-Tailwind--f3e85-esponsive-classes-correctly-chromium/video.webm
    ────────────────────────────────────────────────────────────────────────────────────────────────

    Error Context: ../test-results/tailwind-rs-core-Tailwind--f3e85-esponsive-classes-correctly-chromium/error-context.md
]]>
</failure>
<system-out>
<![CDATA[
[[ATTACHMENT|test-results/tailwind-rs-core-Tailwind--f3e85-esponsive-classes-correctly-chromium/test-failed-1.png]]

[[ATTACHMENT|test-results/tailwind-rs-core-Tailwind--f3e85-esponsive-classes-correctly-chromium/video.webm]]

[[ATTACHMENT|test-results/tailwind-rs-core-Tailwind--f3e85-esponsive-classes-correctly-chromium/error-context.md]]
]]>
</system-out>
</testcase>
<testcase name="Tailwind-RS-Core Integration Tests @tailwind-rs-core › should merge custom classes with base classes" classname="tailwind-rs-core.spec.ts" time="1.125">
<failure message="tailwind-rs-core.spec.ts:83:7 should merge custom classes with base classes" type="FAILURE">
<![CDATA[  [chromium] › tailwind-rs-core.spec.ts:83:7 › Tailwind-RS-Core Integration Tests @tailwind-rs-core › should merge custom classes with base classes 

    Error: expect(received).toContain(expected) // indexOf

    Expected substring: "gradient"
    Received string:    "none"

       98 |       return styles.backgroundImage;
       99 |     });
    > 100 |     expect(backgroundImage).toContain('gradient');
          |                             ^
      101 |   });
      102 |
      103 |   test('should apply state classes correctly', async ({ page }) => {
        at /Users/peterhanssens/consulting/Leptos/leptos-shadcn-ui/examples/leptos/tests/tailwind-rs-core.spec.ts:100:29

    attachment #1: screenshot (image/png) ──────────────────────────────────────────────────────────
    ../test-results/tailwind-rs-core-Tailwind--fcae6-m-classes-with-base-classes-chromium/test-failed-1.png
    ────────────────────────────────────────────────────────────────────────────────────────────────

    attachment #2: video (video/webm) ──────────────────────────────────────────────────────────────
    ../test-results/tailwind-rs-core-Tailwind--fcae6-m-classes-with-base-classes-chromium/video.webm
    ────────────────────────────────────────────────────────────────────────────────────────────────

    Error Context: ../test-results/tailwind-rs-core-Tailwind--fcae6-m-classes-with-base-classes-chromium/error-context.md
]]>
</failure>
<system-out>
<![CDATA[
[[ATTACHMENT|test-results/tailwind-rs-core-Tailwind--fcae6-m-classes-with-base-classes-chromium/test-failed-1.png]]

[[ATTACHMENT|test-results/tailwind-rs-core-Tailwind--fcae6-m-classes-with-base-classes-chromium/video.webm]]

[[ATTACHMENT|test-results/tailwind-rs-core-Tailwind--fcae6-m-classes-with-base-classes-chromium/error-context.md]]
]]>
</system-out>
</testcase>
<testcase name="Tailwind-RS-Core Integration Tests @tailwind-rs-core › should apply state classes correctly" classname="tailwind-rs-core.spec.ts" time="30.653">
<failure message="tailwind-rs-core.spec.ts:103:7 should apply state classes correctly" type="FAILURE">
<![CDATA[  [chromium] › tailwind-rs-core.spec.ts:103:7 › Tailwind-RS-Core Integration Tests @tailwind-rs-core › should apply state classes correctly 

    Test timeout of 30000ms exceeded.

    Error: locator.hover: Test timeout of 30000ms exceeded.
    Call log:
      - waiting for locator('button').first()
        - locator resolved to <button id="" class="inline-flex items-center justify-center whitespace-nowrap rounded-md text-sm font-medium ring-offset-background transition-colors focus-visible:outline-none focus-visible:ring-2 focus-visible:ring-ring focus-visible:ring-offset-2 disabled:pointer-events-none disabled:opacity-50 bg-primary text-primary-foreground hover:bg-primary/90 h-11 rounded-md px-8 bg-gradient-to-r from-cyan-500 to-blue-600 hover:from-cyan-600 hover:to-blue-700 text-white font-bold py-4 px-8 rounded-xl shadow-…>🎯 Try Components</button>
      - attempting hover action
        - waiting for element to be visible and stable
        - element is visible and stable
        - scrolling into view if needed
        - done scrolling
        - <div>…</div> from <div>…</div> subtree intercepts pointer events
      - retrying hover action
        - waiting for element to be visible and stable
        - element is visible and stable
        - scrolling into view if needed
        - done scrolling
        - <div>…</div> intercepts pointer events
      - retrying hover action
        - waiting 20ms
        - waiting for element to be visible and stable
        - element is visible and stable
        - scrolling into view if needed
        - done scrolling
        - <div>…</div> from <div>…</div> subtree intercepts pointer events
      2 × retrying hover action
          - waiting 100ms
          - waiting for element to be visible and stable
          - element is visible and stable
          - scrolling into view if needed
          - done scrolling
          - <div>…</div> intercepts pointer events
      13 × retrying hover action
           - waiting 500ms
           - waiting for element to be visible and stable
           - element is visible and stable
           - scrolling into view if needed
           - done scrolling
           - <div>…</div> intercepts pointer events
         - retrying hover action
           - waiting 500ms
           - waiting for element to be visible and stable
           - element is visible and stable
           - scrolling into view if needed
           - done scrolling
           - <div>…</div> from <div>…</div> subtree intercepts pointer events
         - retrying hover action
           - waiting 500ms
           - waiting for element to be visible and stable
           - element is visible and stable
           - scrolling into view if needed
           - done scrolling
           - <div>…</div> intercepts pointer events
         - retrying hover action
           - waiting 500ms
           - waiting for element to be visible and stable
           - element is visible and stable
           - scrolling into view if needed
           - done scrolling
           - <div>…</div> intercepts pointer events
      - retrying hover action
        - waiting 500ms
        - waiting for element to be visible and stable


      112 |     
      113 |     // Test hover state
    > 114 |     await firstButton.hover();
          |                       ^
      115 |     await page.waitForTimeout(100);
      116 |     
      117 |     // Check that hover styles are applied
        at /Users/peterhanssens/consulting/Leptos/leptos-shadcn-ui/examples/leptos/tests/tailwind-rs-core.spec.ts:114:23

    attachment #1: screenshot (image/png) ──────────────────────────────────────────────────────────
    ../test-results/tailwind-rs-core-Tailwind--c0ddc-ply-state-classes-correctly-chromium/test-failed-1.png
    ────────────────────────────────────────────────────────────────────────────────────────────────

    attachment #2: video (video/webm) ──────────────────────────────────────────────────────────────
    ../test-results/tailwind-rs-core-Tailwind--c0ddc-ply-state-classes-correctly-chromium/video.webm
    ────────────────────────────────────────────────────────────────────────────────────────────────

    Error Context: ../test-results/tailwind-rs-core-Tailwind--c0ddc-ply-state-classes-correctly-chromium/error-context.md
]]>
</failure>
<system-out>
<![CDATA[
[[ATTACHMENT|test-results/tailwind-rs-core-Tailwind--c0ddc-ply-state-classes-correctly-chromium/test-failed-1.png]]

[[ATTACHMENT|test-results/tailwind-rs-core-Tailwind--c0ddc-ply-state-classes-correctly-chromium/video.webm]]

[[ATTACHMENT|test-results/tailwind-rs-core-Tailwind--c0ddc-ply-state-classes-correctly-chromium/error-context.md]]
]]>
</system-out>
</testcase>
<testcase name="Tailwind-RS-Core Integration Tests @tailwind-rs-core › should generate color-specific classes dynamically" classname="tailwind-rs-core.spec.ts" time="30.179">
<failure message="tailwind-rs-core.spec.ts:130:7 should generate color-specific classes dynamically" type="FAILURE">
<![CDATA[  [chromium] › tailwind-rs-core.spec.ts:130:7 › Tailwind-RS-Core Integration Tests @tailwind-rs-core › should generate color-specific classes dynamically 

    Test timeout of 30000ms exceeded.

    Error: locator.click: Test timeout of 30000ms exceeded.
    Call log:
      - waiting for locator('button').filter({ hasText: 'blue' })
        - locator resolved to <button id="" class="inline-flex items-center justify-center whitespace-nowrap rounded-md text-sm font-medium ring-offset-background transition-colors focus-visible:outline-none focus-visible:ring-2 focus-visible:ring-ring focus-visible:ring-offset-2 disabled:pointer-events-none disabled:opacity-50 bg-primary text-primary-foreground hover:bg-primary/90 h-10 px-4 py-2 w-full bg-blue-600 hover:bg-blue-700">Blue Scheme</button>
      - attempting click action
        - waiting for element to be visible, enabled and stable
        - element is visible, enabled and stable
        - scrolling into view if needed
        - done scrolling
        - <div>…</div> from <div>…</div> subtree intercepts pointer events
      - retrying click action
        - waiting for element to be visible, enabled and stable
        - element is visible, enabled and stable
        - scrolling into view if needed
        - done scrolling
        - <div>…</div> intercepts pointer events
      - retrying click action
        - waiting 20ms
        - waiting for element to be visible, enabled and stable
        - element is visible, enabled and stable
        - scrolling into view if needed
        - done scrolling
        - <div>…</div> from <div>…</div> subtree intercepts pointer events
      2 × retrying click action
          - waiting 100ms
          - waiting for element to be visible, enabled and stable
          - element is visible, enabled and stable
          - scrolling into view if needed
          - done scrolling
          - <div>…</div> intercepts pointer events
      12 × retrying click action
           - waiting 500ms
           - waiting for element to be visible, enabled and stable
           - element is visible, enabled and stable
           - scrolling into view if needed
           - done scrolling
           - <div>…</div> intercepts pointer events
         - retrying click action
           - waiting 500ms
           - waiting for element to be visible, enabled and stable
           - element is visible, enabled and stable
           - scrolling into view if needed
           - done scrolling
           - <div>…</div> from <div>…</div> subtree intercepts pointer events
         - retrying click action
           - waiting 500ms
           - waiting for element to be visible, enabled and stable
           - element is visible, enabled and stable
           - scrolling into view if needed
           - done scrolling
           - <div>…</div> intercepts pointer events
         - retrying click action
           - waiting 500ms
           - waiting for element to be visible, enabled and stable
           - element is visible, enabled and stable
           - scrolling into view if needed
           - done scrolling
           - <div>…</div> intercepts pointer events
      - retrying click action
        - waiting 500ms
        - waiting for element to be visible, enabled and stable
        - element is visible, enabled and stable
        - scrolling into view if needed
        - done scrolling
        - <div>…</div> intercepts pointer events
      - retrying click action
        - waiting 500ms
        - waiting for element to be visible, enabled and stable
        - element is visible, enabled and stable
        - scrolling into view if needed
        - done scrolling
        - <div>…</div> from <div>…</div> subtree intercepts pointer events
      - retrying click action
        - waiting 500ms
        - waiting for element to be visible, enabled and stable
        - element is visible, enabled and stable
        - scrolling into view if needed
        - done scrolling
        - <div>…</div> intercepts pointer events
      - retrying click action
        - waiting 500ms


      135 |     // Click on blue color
      136 |     const blueButton = page.locator('button').filter({ hasText: 'blue' });
    > 137 |     await blueButton.click();
          |                      ^
      138 |     await page.waitForTimeout(500);
      139 |     
      140 |     const blueClasses = await heroSection.evaluate((el) => el.className);
        at /Users/peterhanssens/consulting/Leptos/leptos-shadcn-ui/examples/leptos/tests/tailwind-rs-core.spec.ts:137:22

    attachment #1: screenshot (image/png) ──────────────────────────────────────────────────────────
    ../test-results/tailwind-rs-core-Tailwind--8af43-pecific-classes-dynamically-chromium/test-failed-1.png
    ────────────────────────────────────────────────────────────────────────────────────────────────

    attachment #2: video (video/webm) ──────────────────────────────────────────────────────────────
    ../test-results/tailwind-rs-core-Tailwind--8af43-pecific-classes-dynamically-chromium/video.webm
    ────────────────────────────────────────────────────────────────────────────────────────────────

    Error Context: ../test-results/tailwind-rs-core-Tailwind--8af43-pecific-classes-dynamically-chromium/error-context.md
]]>
</failure>
<system-out>
<![CDATA[
[[ATTACHMENT|test-results/tailwind-rs-core-Tailwind--8af43-pecific-classes-dynamically-chromium/test-failed-1.png]]

[[ATTACHMENT|test-results/tailwind-rs-core-Tailwind--8af43-pecific-classes-dynamically-chromium/video.webm]]

[[ATTACHMENT|test-results/tailwind-rs-core-Tailwind--8af43-pecific-classes-dynamically-chromium/error-context.md]]
]]>
</system-out>
</testcase>
<testcase name="Tailwind-RS-Core Integration Tests @tailwind-rs-core › should apply theme-specific classes correctly" classname="tailwind-rs-core.spec.ts" time="30.204">
<failure message="tailwind-rs-core.spec.ts:168:7 should apply theme-specific classes correctly" type="FAILURE">
<![CDATA[  [chromium] › tailwind-rs-core.spec.ts:168:7 › Tailwind-RS-Core Integration Tests @tailwind-rs-core › should apply theme-specific classes correctly 

    Test timeout of 30000ms exceeded.

    Error: locator.click: Test timeout of 30000ms exceeded.
    Call log:
      - waiting for locator('button').filter({ hasText: 'light' })
        - locator resolved to <button id="" class="inline-flex items-center justify-center whitespace-nowrap rounded-md text-sm font-medium ring-offset-background transition-colors focus-visible:outline-none focus-visible:ring-2 focus-visible:ring-ring focus-visible:ring-offset-2 disabled:pointer-events-none disabled:opacity-50 bg-secondary text-secondary-foreground hover:bg-secondary/80 h-10 px-4 py-2 w-full">Light Theme</button>
      - attempting click action
        - waiting for element to be visible, enabled and stable
        - element is visible, enabled and stable
[...]
           - element is visible, enabled and stable
           - scrolling into view if needed
           - done scrolling
           - <div>error from build pipeline↵↵Caused by:↵⇆0: HTML bu…</div> from <div>…</div> subtree intercepts pointer events
         - retrying click action
           - waiting 500ms
           - waiting for element to be visible, enabled and stable
           - element is visible, enabled and stable
           - scrolling into view if needed
           - done scrolling
           - <div>…</div> from <div>…</div> subtree intercepts pointer events
         - retrying click action
           - waiting 500ms
           - waiting for element to be visible, enabled and stable
           - element is visible, enabled and stable
           - scrolling into view if needed
           - done scrolling
           - <div>…</div> intercepts pointer events
         - retrying click action
           - waiting 500ms
           - waiting for element to be visible, enabled and stable
           - element is visible, enabled and stable
           - scrolling into view if needed
           - done scrolling
           - <div>…</div> intercepts pointer events
      - retrying click action
        - waiting 500ms
        - waiting for element to be visible, enabled and stable
        - element is visible, enabled and stable
        - scrolling into view if needed
        - done scrolling
        - <div>error from build pipeline↵↵Caused by:↵⇆0: HTML bu…</div> from <div>…</div> subtree intercepts pointer events
      - retrying click action
        - waiting 500ms
        - waiting for element to be visible, enabled and stable
        - element is visible, enabled and stable
        - scrolling into view if needed
        - done scrolling


      135 |     // Click on blue color
      136 |     const blueButton = page.locator('button').filter({ hasText: 'blue' });
    > 137 |     await blueButton.click();
          |                      ^
      138 |     await page.waitForTimeout(500);
      139 |     
      140 |     const blueClasses = await heroSection.evaluate((el) => el.className);
        at /Users/peterhanssens/consulting/Leptos/leptos-shadcn-ui/examples/leptos/tests/tailwind-rs-core.spec.ts:137:22

    attachment #1: screenshot (image/png) ──────────────────────────────────────────────────────────
    ../test-results/tailwind-rs-core-Tailwind--8af43-pecific-classes-dynamically-Mobile-Safari/test-failed-1.png
    ────────────────────────────────────────────────────────────────────────────────────────────────

    attachment #2: video (video/webm) ──────────────────────────────────────────────────────────────
    ../test-results/tailwind-rs-core-Tailwind--8af43-pecific-classes-dynamically-Mobile-Safari/video.webm
    ────────────────────────────────────────────────────────────────────────────────────────────────

    Error Context: ../test-results/tailwind-rs-core-Tailwind--8af43-pecific-classes-dynamically-Mobile-Safari/error-context.md
]]>
</failure>
<system-out>
<![CDATA[
[[ATTACHMENT|test-results/tailwind-rs-core-Tailwind--8af43-pecific-classes-dynamically-Mobile-Safari/test-failed-1.png]]

[[ATTACHMENT|test-results/tailwind-rs-core-Tailwind--8af43-pecific-classes-dynamically-Mobile-Safari/video.webm]]

[[ATTACHMENT|test-results/tailwind-rs-core-Tailwind--8af43-pecific-classes-dynamically-Mobile-Safari/error-context.md]]
]]>
</system-out>
</testcase>
<testcase name="Tailwind-RS-Core Integration Tests @tailwind-rs-core › should apply theme-specific classes correctly" classname="tailwind-rs-core.spec.ts" time="30.133">
<failure message="tailwind-rs-core.spec.ts:168:7 should apply theme-specific classes correctly" type="FAILURE">
<![CDATA[  [Mobile Safari] › tailwind-rs-core.spec.ts:168:7 › Tailwind-RS-Core Integration Tests @tailwind-rs-core › should apply theme-specific classes correctly 

    Test timeout of 30000ms exceeded.

    Error: locator.click: Test timeout of 30000ms exceeded.
    Call log:
      - waiting for locator('button').filter({ hasText: 'light' })
        - locator resolved to <button id="" class="inline-flex items-center justify-center whitespace-nowrap rounded-md text-sm font-medium ring-offset-background transition-colors focus-visible:outline-none focus-visible:ring-2 focus-visible:ring-ring focus-visible:ring-offset-2 disabled:pointer-events-none disabled:opacity-50 bg-secondary text-secondary-foreground hover:bg-secondary/80 h-10 px-4 py-2 w-full">Light Theme</button>
      - attempting click action
        - waiting for element to be visible, enabled and stable
        - element is visible, enabled and stable
        - scrolling into view if needed
        - done scrolling
        - <div>…</div> from <div>…</div> subtree intercepts pointer events
      - retrying click action
        - waiting for element to be visible, enabled and stable
        - element is visible, enabled and stable
        - scrolling into view if needed
        - done scrolling
        - <div>error from build pipeline↵↵Caused by:↵⇆0: HTML bu…</div> from <div>…</div> subtree intercepts pointer events
      - retrying click action
        - waiting 20ms
        - waiting for element to be visible, enabled and stable
        - element is visible, enabled and stable
        - scrolling into view if needed
        - done scrolling
        - <div>…</div> from <div>…</div> subtree intercepts pointer events
      2 × retrying click action
          - waiting 100ms
          - waiting for element to be visible, enabled and stable
          - element is visible, enabled and stable
          - scrolling into view if needed
          - done scrolling
          - <div>…</div> intercepts pointer events
      13 × retrying click action
           - waiting 500ms
           - waiting for element to be visible, enabled and stable
           - element is visible, enabled and stable
           - scrolling into view if needed
           - done scrolling
           - <div>error from build pipeline↵↵Caused by:↵⇆0: HTML bu…</div> from <div>…</div> subtree intercepts pointer events
         - retrying click action
           - waiting 500ms
           - waiting for element to be visible, enabled and stable
           - element is visible, enabled and stable
           - scrolling into view if needed
           - done scrolling
           - <div>…</div> from <div>…</div> subtree intercepts pointer events
         - retrying click action
           - waiting 500ms
           - waiting for element to be visible, enabled and stable
           - element is visible, enabled and stable
           - scrolling into view if needed
           - done scrolling
           - <div>…</div> intercepts pointer events
         - retrying click action
           - waiting 500ms
           - waiting for element to be visible, enabled and stable
           - element is visible, enabled and stable
           - scrolling into view if needed
           - done scrolling
           - <div>…</div> intercepts pointer events
      - retrying click action
        - waiting 500ms
        - waiting for element to be visible, enabled and stable
        - element is visible, enabled and stable
        - scrolling into view if needed
        - done scrolling
        - <div>error from build pipeline↵↵Caused by:↵⇆0: HTML bu…</div> from <div>…</div> subtree intercepts pointer events
      - retrying click action
        - waiting 500ms


      176 |     // Click on light theme
      177 |     const lightThemeButton = page.locator('button').filter({ hasText: 'light' });
    > 178 |     await lightThemeButton.click();
          |                            ^
      179 |     await page.waitForTimeout(500);
      180 |     
      181 |     const lightBackground = await body.evaluate((el) => {
        at /Users/peterhanssens/consulting/Leptos/leptos-shadcn-ui/examples/leptos/tests/tailwind-rs-core.spec.ts:178:28

    attachment #1: screenshot (image/png) ──────────────────────────────────────────────────────────
    ../test-results/tailwind-rs-core-Tailwind--c5e48--specific-classes-correctly-Mobile-Safari/test-failed-1.png
    ────────────────────────────────────────────────────────────────────────────────────────────────

    attachment #2: video (video/webm) ──────────────────────────────────────────────────────────────
    ../test-results/tailwind-rs-core-Tailwind--c5e48--specific-classes-correctly-Mobile-Safari/video.webm
    ────────────────────────────────────────────────────────────────────────────────────────────────

    Error Context: ../test-results/tailwind-rs-core-Tailwind--c5e48--specific-classes-correctly-Mobile-Safari/error-context.md
]]>
</failure>
<system-out>
<![CDATA[
[[ATTACHMENT|test-results/tailwind-rs-core-Tailwind--c5e48--specific-classes-correctly-Mobile-Safari/test-failed-1.png]]

[[ATTACHMENT|test-results/tailwind-rs-core-Tailwind--c5e48--specific-classes-correctly-Mobile-Safari/video.webm]]

[[ATTACHMENT|test-results/tailwind-rs-core-Tailwind--c5e48--specific-classes-correctly-Mobile-Safari/error-context.md]]
]]>
</system-out>
</testcase>
<testcase name="Tailwind-RS-Core Integration Tests @tailwind-rs-core › should validate class generation performance" classname="tailwind-rs-core.spec.ts" time="30.127">
<failure message="tailwind-rs-core.spec.ts:205:7 should validate class generation performance" type="FAILURE">
<![CDATA[  [Mobile Safari] › tailwind-rs-core.spec.ts:205:7 › Tailwind-RS-Core Integration Tests @tailwind-rs-core › should validate class generation performance 

    Test timeout of 30000ms exceeded.

    Error: locator.click: Test timeout of 30000ms exceeded.
    Call log:
      - waiting for locator('button').filter({ hasText: 'light' })
        - locator resolved to <button id="" class="inline-flex items-center justify-center whitespace-nowrap rounded-md text-sm font-medium ring-offset-background transition-colors focus-visible:outline-none focus-visible:ring-2 focus-visible:ring-ring focus-visible:ring-offset-2 disabled:pointer-events-none disabled:opacity-50 bg-secondary text-secondary-foreground hover:bg-secondary/80 h-10 px-4 py-2 w-full">Light Theme</button>
      - attempting click action
        - waiting for element to be visible, enabled and stable
        - element is visible, enabled and stable
        - scrolling into view if needed
        - done scrolling
        - <div>…</div> from <div>…</div> subtree intercepts pointer events
      - retrying click action
        - waiting for element to be visible, enabled and stable
        - element is visible, enabled and stable
        - scrolling into view if needed
        - done scrolling
        - <div>error from build pipeline↵↵Caused by:↵⇆0: HTML bu…</div> from <div>…</div> subtree intercepts pointer events
      - retrying click action
        - waiting 20ms
        - waiting for element to be visible, enabled and stable
        - element is visible, enabled and stable
        - scrolling into view if needed
        - done scrolling
        - <div>…</div> from <div>…</div> subtree intercepts pointer events
      2 × retrying click action
          - waiting 100ms
          - waiting for element to be visible, enabled and stable
          - element is visible, enabled and stable
          - scrolling into view if needed
          - done scrolling
          - <div>…</div> intercepts pointer events
      13 × retrying click action
           - waiting 500ms
           - waiting for element to be visible, enabled and stable
           - element is visible, enabled and stable
           - scrolling into view if needed
           - done scrolling
           - <div>error from build pipeline↵↵Caused by:↵⇆0: HTML bu…</div> from <div>…</div> subtree intercepts pointer events
         - retrying click action
           - waiting 500ms
           - waiting for element to be visible, enabled and stable
           - element is visible, enabled and stable
           - scrolling into view if needed
           - done scrolling
           - <div>…</div> from <div>…</div> subtree intercepts pointer events
         - retrying click action
           - waiting 500ms
           - waiting for element to be visible, enabled and stable
           - element is visible, enabled and stable
           - scrolling into view if needed
           - done scrolling
           - <div>…</div> intercepts pointer events
         - retrying click action
           - waiting 500ms
           - waiting for element to be visible, enabled and stable
           - element is visible, enabled and stable
           - scrolling into view if needed
           - done scrolling
           - <div>…</div> intercepts pointer events
      - retrying click action
        - waiting 500ms
        - waiting for element to be visible, enabled and stable
        - element is visible, enabled and stable
        - scrolling into view if needed
        - done scrolling
        - <div>error from build pipeline↵↵Caused by:↵⇆0: HTML bu…</div> from <div>…</div> subtree intercepts pointer events
      - retrying click action
        - waiting 500ms


      212 |     const defaultThemeButton = page.locator('button').filter({ hasText: 'default' });
      213 |     
    > 214 |     await lightThemeButton.click();
          |                            ^
      215 |     await page.waitForTimeout(100);
      216 |     await darkThemeButton.click();
      217 |     await page.waitForTimeout(100);
        at /Users/peterhanssens/consulting/Leptos/leptos-shadcn-ui/examples/leptos/tests/tailwind-rs-core.spec.ts:214:28

    attachment #1: screenshot (image/png) ──────────────────────────────────────────────────────────
    ../test-results/tailwind-rs-core-Tailwind--c35ca-lass-generation-performance-Mobile-Safari/test-failed-1.png
    ────────────────────────────────────────────────────────────────────────────────────────────────

    attachment #2: video (video/webm) ──────────────────────────────────────────────────────────────
    ../test-results/tailwind-rs-core-Tailwind--c35ca-lass-generation-performance-Mobile-Safari/video.webm
    ────────────────────────────────────────────────────────────────────────────────────────────────

    Error Context: ../test-results/tailwind-rs-core-Tailwind--c35ca-lass-generation-performance-Mobile-Safari/error-context.md
]]>
</failure>
<system-out>
<![CDATA[
[[ATTACHMENT|test-results/tailwind-rs-core-Tailwind--c35ca-lass-generation-performance-Mobile-Safari/test-failed-1.png]]

[[ATTACHMENT|test-results/tailwind-rs-core-Tailwind--c35ca-lass-generation-performance-Mobile-Safari/video.webm]]

[[ATTACHMENT|test-results/tailwind-rs-core-Tailwind--c35ca-lass-generation-performance-Mobile-Safari/error-context.md]]
]]>
</system-out>
</testcase>
<testcase name="Tailwind-RS-Core Integration Tests @tailwind-rs-core › should handle class conflicts gracefully" classname="tailwind-rs-core.spec.ts" time="1.435">
</testcase>
</testsuite>
<testsuite name="visual-regression.spec.ts" timestamp="2025-09-15T12:32:03.497Z" hostname="Mobile Safari" tests="6" failures="2" skipped="0" time="7.907" errors="0">
<testcase name="Visual Regression Tests @visual › should display the main hero section with correct styling" classname="visual-regression.spec.ts" time="1.059">
</testcase>
<testcase name="Visual Regression Tests @visual › should display theme controls section" classname="visual-regression.spec.ts" time="1.094">
</testcase>
<testcase name="Visual Regression Tests @visual › should display component showcase section" classname="visual-regression.spec.ts" time="1.037">
</testcase>
<testcase name="Visual Regression Tests @visual › should have proper responsive design" classname="visual-regression.spec.ts" time="2.077">
<failure message="visual-regression.spec.ts:58:7 should have proper responsive design" type="FAILURE">
<![CDATA[  [Mobile Safari] › visual-regression.spec.ts:58:7 › Visual Regression Tests @visual › should have proper responsive design 

    Error: expect(received).toBeGreaterThan(expected)

    Expected: > 50
    Received:   0

      71 |     
      72 |     // Check that padding is appropriate for desktop
    > 73 |     expect(parseInt(heroStyles.paddingTop)).toBeGreaterThan(50);
         |                                             ^
      74 |     
      75 |     // Test mobile view
      76 |     await page.setViewportSize({ width: 375, height: 667 });
        at /Users/peterhanssens/consulting/Leptos/leptos-shadcn-ui/examples/leptos/tests/visual-regression.spec.ts:73:45

    attachment #1: screenshot (image/png) ──────────────────────────────────────────────────────────
    ../test-results/visual-regression-Visual-R-3de01-ve-proper-responsive-design-Mobile-Safari/test-failed-1.png
    ────────────────────────────────────────────────────────────────────────────────────────────────

    attachment #2: video (video/webm) ──────────────────────────────────────────────────────────────
    ../test-results/visual-regression-Visual-R-3de01-ve-proper-responsive-design-Mobile-Safari/video.webm
    ────────────────────────────────────────────────────────────────────────────────────────────────

    Error Context: ../test-results/visual-regression-Visual-R-3de01-ve-proper-responsive-design-Mobile-Safari/error-context.md
]]>
</failure>
<system-out>
<![CDATA[
[[ATTACHMENT|test-results/visual-regression-Visual-R-3de01-ve-proper-responsive-design-Mobile-Safari/test-failed-1.png]]

[[ATTACHMENT|test-results/visual-regression-Visual-R-3de01-ve-proper-responsive-design-Mobile-Safari/video.webm]]

[[ATTACHMENT|test-results/visual-regression-Visual-R-3de01-ve-proper-responsive-design-Mobile-Safari/error-context.md]]
]]>
</system-out>
</testcase>
<testcase name="Visual Regression Tests @visual › should have proper color contrast and visibility" classname="visual-regression.spec.ts" time="1.489">
</testcase>
<testcase name="Visual Regression Tests @visual › should display animated elements" classname="visual-regression.spec.ts" time="1.151">
<failure message="visual-regression.spec.ts:106:7 should display animated elements" type="FAILURE">
<![CDATA[  [Mobile Safari] › visual-regression.spec.ts:106:7 › Visual Regression Tests @visual › should display animated elements 

    Error: expect(received).toContain(expected) // indexOf

    Expected substring: "pulse"
    Received string:    "none"

      116 |     
      117 |     // Check for pulse animation
    > 118 |     expect(overlayStyles.animation).toContain('pulse');
          |                                     ^
      119 |     // Check that overlay has a background color
      120 |     expect(overlayStyles.backgroundColor).not.toBe('rgba(0, 0, 0, 0)');
      121 |   });
        at /Users/peterhanssens/consulting/Leptos/leptos-shadcn-ui/examples/leptos/tests/visual-regression.spec.ts:118:37

    attachment #1: screenshot (image/png) ──────────────────────────────────────────────────────────
    ../test-results/visual-regression-Visual-R-e06c0-d-display-animated-elements-Mobile-Safari/test-failed-1.png
    ────────────────────────────────────────────────────────────────────────────────────────────────

    attachment #2: video (video/webm) ──────────────────────────────────────────────────────────────
    ../test-results/visual-regression-Visual-R-e06c0-d-display-animated-elements-Mobile-Safari/video.webm
    ────────────────────────────────────────────────────────────────────────────────────────────────

    Error Context: ../test-results/visual-regression-Visual-R-e06c0-d-display-animated-elements-Mobile-Safari/error-context.md
]]>
</failure>
<system-out>
<![CDATA[
[[ATTACHMENT|test-results/visual-regression-Visual-R-e06c0-d-display-animated-elements-Mobile-Safari/test-failed-1.png]]

[[ATTACHMENT|test-results/visual-regression-Visual-R-e06c0-d-display-animated-elements-Mobile-Safari/video.webm]]

[[ATTACHMENT|test-results/visual-regression-Visual-R-e06c0-d-display-animated-elements-Mobile-Safari/error-context.md]]
]]>
</system-out>
</testcase>
</testsuite>
</testsuites>